<?xml version="1.0" encoding="UTF-8"?>
<testsuite xmlns:xsi="http://www.w3.org/2001/XMLSchema-instance" xsi:noNamespaceSchemaLocation="https://maven.apache.org/surefire/maven-surefire-plugin/xsd/surefire-test-report-3.0.xsd" version="3.0" name="com.languagemessenger.LanguageExchangeApplicationTests" time="5.705" tests="1" errors="0" skipped="0" failures="0">
  <properties>
[...]
</properties>
  <testcase name="contextLoads" classname="com.languagemessenger.LanguageExchangeApplicationTests" time="0.014">
    <system-out><![CDATA[19:15:30.023 [main] INFO org.springframework.test.context.support.AnnotationConfigContextLoaderUtils -- Could not detect default configuration classes for test class [com.languagemessenger.LanguageExchangeApplicationTests]: LanguageExchangeApplicationTests does not declare any static, non-private, non-final, nested classes annotated with @Configuration.
19:15:30.131 [main] INFO org.springframework.boot.test.context.SpringBootTestContextBootstrapper -- Found @SpringBootConfiguration com.languagemessenger.LanguageExchangeApplication for test class com.languagemessenger.LanguageExchangeApplicationTests

  .   ____          _            __ _ _
 /\\ / ___'_ __ _ _(_)_ __  __ _ \ \ \ \
( ( )\___ | '_ | '_| | '_ \/ _` | \ \ \ \
 \\/  ___)| |_)| | | | | || (_| |  ) ) ) )
  '  |____| .__|_| |_|_| |_\__, | / / / /
 =========|_|==============|___/=/_/_/_/

 :: Spring Boot ::                (v3.3.5)

2025-06-10T19:15:30.543+03:00  INFO 5496 --- [LanguageExchange] [           main] c.l.LanguageExchangeApplicationTests     : Starting LanguageExchangeApplicationTests using Java 23 with PID 5496 (started by timur in E:\RSREU\ДИПЛОМ\language-exchange)
2025-06-10T19:15:30.545+03:00  INFO 5496 --- [LanguageExchange] [           main] c.l.LanguageExchangeApplicationTests     : No active profile set, falling back to 1 default profile: "default"
2025-06-10T19:15:31.366+03:00  INFO 5496 --- [LanguageExchange] [           main] .s.d.r.c.RepositoryConfigurationDelegate : Bootstrapping Spring Data JPA repositories in DEFAULT mode.
2025-06-10T19:15:31.472+03:00  INFO 5496 --- [LanguageExchange] [           main] .s.d.r.c.RepositoryConfigurationDelegate : Finished Spring Data repository scanning in 92 ms. Found 10 JPA repository interfaces.
2025-06-10T19:15:32.154+03:00  INFO 5496 --- [LanguageExchange] [           main] o.hibernate.jpa.internal.util.LogHelper  : HHH000204: Processing PersistenceUnitInfo [name: default]
2025-06-10T19:15:32.228+03:00  INFO 5496 --- [LanguageExchange] [           main] org.hibernate.Version                    : HHH000412: Hibernate ORM core version 6.5.3.Final
2025-06-10T19:15:32.267+03:00  INFO 5496 --- [LanguageExchange] [           main] o.h.c.internal.RegionFactoryInitiator    : HHH000026: Second-level cache disabled
2025-06-10T19:15:32.427+03:00  INFO 5496 --- [LanguageExchange] [           main] o.s.o.j.p.SpringPersistenceUnitInfo      : No LoadTimeWeaver setup: ignoring JPA class transformer
2025-06-10T19:15:32.473+03:00  INFO 5496 --- [LanguageExchange] [           main] com.zaxxer.hikari.HikariDataSource       : HikariPool-1 - Starting...
2025-06-10T19:15:32.800+03:00  INFO 5496 --- [LanguageExchange] [           main] com.zaxxer.hikari.pool.HikariPool        : HikariPool-1 - Added connection org.postgresql.jdbc.PgConnection@6f25ed2b
2025-06-10T19:15:32.802+03:00  INFO 5496 --- [LanguageExchange] [           main] com.zaxxer.hikari.HikariDataSource       : HikariPool-1 - Start completed.
2025-06-10T19:15:34.037+03:00  INFO 5496 --- [LanguageExchange] [           main] o.h.e.t.j.p.i.JtaPlatformInitiator       : HHH000489: No JTA platform available (set 'hibernate.transaction.jta.platform' to enable JTA platform integration)
2025-06-10T19:15:34.088+03:00  INFO 5496 --- [LanguageExchange] [           main] j.LocalContainerEntityManagerFactoryBean : Initialized JPA EntityManagerFactory for persistence unit 'default'
2025-06-10T19:15:34.733+03:00  INFO 5496 --- [LanguageExchange] [           main] r$InitializeUserDetailsManagerConfigurer : Global AuthenticationManager configured with UserDetailsService bean with name appUserService
2025-06-10T19:15:34.793+03:00  WARN 5496 --- [LanguageExchange] [           main] JpaBaseConfiguration$JpaWebConfiguration : spring.jpa.open-in-view is enabled by default. Therefore, database queries may be performed during view rendering. Explicitly configure spring.jpa.open-in-view to disable this warning
2025-06-10T19:15:35.535+03:00  INFO 5496 --- [LanguageExchange] [           main] o.s.m.s.b.SimpleBrokerMessageHandler     : Starting...
2025-06-10T19:15:35.536+03:00  INFO 5496 --- [LanguageExchange] [           main] o.s.m.s.b.SimpleBrokerMessageHandler     : BrokerAvailabilityEvent[available=true, SimpleBrokerMessageHandler [org.springframework.messaging.simp.broker.DefaultSubscriptionRegistry@4a58d05d]]
2025-06-10T19:15:35.536+03:00  INFO 5496 --- [LanguageExchange] [           main] o.s.m.s.b.SimpleBrokerMessageHandler     : Started.
2025-06-10T19:15:35.547+03:00  INFO 5496 --- [LanguageExchange] [           main] c.l.LanguageExchangeApplicationTests     : Started LanguageExchangeApplicationTests in 5.263 seconds (process running for 8.583)
]]></system-out>
  </testcase>
</testsuite>